2022-04-03 00:05:18 [index.js] error: error message
2022-04-03 00:05:18 [index.js] warn: warn message
2022-04-03 00:05:18 [index.js] info: info message
2022-04-03 00:05:18 [index.js] verbose: verbose message
2022-04-03 00:05:18 [index.js] debug: debug message
2022-04-03 00:05:50 [index.js] error: error message
2022-04-03 00:05:50 [index.js] warn: warn message
2022-04-03 00:05:50 [index.js] info: info message
2022-04-03 00:05:50 [index.js] verbose: verbose message
2022-04-03 00:05:50 [index.js] debug: debug message
2022-04-03 00:05:56 [index.js] error: error message
2022-04-03 00:05:56 [index.js] warn: warn message
2022-04-03 00:05:56 [index.js] info: info message
2022-04-03 00:05:56 [index.js] verbose: verbose message
2022-04-03 00:05:56 [index.js] debug: debug message
2022-04-03 00:06:17 [index.js] error: error message
2022-04-03 00:06:17 [index.js] warn: warn message
2022-04-03 00:06:17 [index.js] info: info message
2022-04-03 00:06:17 [index.js] verbose: verbose message
2022-04-03 00:06:17 [index.js] debug: debug message
2022-04-03 00:08:21 [index.js] error: error message
2022-04-03 00:08:21 [index.js] warn: warn message
2022-04-03 00:08:21 [index.js] info: info message
2022-04-03 00:08:21 [index.js] verbose: verbose message
2022-04-03 00:08:21 [index.js] debug: debug message
2022-04-03 00:10:38 [index.js] error: error message
2022-04-03 00:10:38 [index.js] warn: warn message
2022-04-03 00:10:38 [index.js] info: info message
2022-04-03 00:10:38 [index.js] verbose: verbose message
2022-04-03 00:10:38 [index.js] debug: debug message
2022-04-03 00:11:15 [index.js] error: error message
2022-04-03 00:11:15 [index.js] warn: warn message
2022-04-03 00:11:15 [index.js] info: info message
2022-04-03 00:11:15 [index.js] verbose: verbose message
2022-04-03 00:11:15 [index.js] debug: debug message
2022-04-03 00:14:33 [index.js] error: error message
2022-04-03 00:14:33 [index.js] warn: warn message
2022-04-03 00:14:33 [index.js] info: info message
2022-04-03 00:14:33 [index.js] verbose: verbose message
2022-04-03 00:14:33 [index.js] debug: debug message
2022-04-03 00:15:00 [index.js] error: error message
2022-04-03 00:15:00 [index.js] warn: warn message
2022-04-03 00:15:00 [index.js] info: info message
2022-04-03 00:15:00 [index.js] verbose: verbose message
2022-04-03 00:15:00 [index.js] debug: debug message
2022-04-03 00:15:43 [index.js] error: error message
2022-04-03 00:15:43 [index.js] warn: warn message
2022-04-03 00:15:43 [index.js] info: info message
2022-04-03 00:15:43 [index.js] verbose: verbose message
2022-04-03 00:15:43 [index.js] debug: debug message
