2022-04-03 00:05:18 [index.js] error: error message
2022-04-03 00:05:18 [index.js] warn: warn message
2022-04-03 00:05:18 [index.js] info: info message
2022-04-03 00:05:18 [index.js] verbose: verbose message
2022-04-03 00:05:18 [index.js] debug: debug message
2022-04-03 00:05:50 [index.js] error: error message
2022-04-03 00:05:50 [index.js] warn: warn message
2022-04-03 00:05:50 [index.js] info: info message
2022-04-03 00:05:50 [index.js] verbose: verbose message
2022-04-03 00:05:50 [index.js] debug: debug message
2022-04-03 00:05:56 [index.js] error: error message
2022-04-03 00:05:56 [index.js] warn: warn message
2022-04-03 00:05:56 [index.js] info: info message
2022-04-03 00:05:56 [index.js] verbose: verbose message
2022-04-03 00:05:56 [index.js] debug: debug message
2022-04-03 00:06:17 [index.js] error: error message
2022-04-03 00:06:17 [index.js] warn: warn message
2022-04-03 00:06:17 [index.js] info: info message
2022-04-03 00:06:17 [index.js] verbose: verbose message
2022-04-03 00:06:17 [index.js] debug: debug message
2022-04-03 00:08:21 [index.js] error: error message
2022-04-03 00:08:21 [index.js] warn: warn message
2022-04-03 00:08:21 [index.js] info: info message
2022-04-03 00:08:21 [index.js] verbose: verbose message
2022-04-03 00:08:21 [index.js] debug: debug message
2022-04-03 00:10:38 [index.js] error: error message
2022-04-03 00:10:38 [index.js] warn: warn message
2022-04-03 00:10:38 [index.js] info: info message
2022-04-03 00:10:38 [index.js] verbose: verbose message
2022-04-03 00:10:38 [index.js] debug: debug message
2022-04-03 00:11:15 [index.js] error: error message
2022-04-03 00:11:15 [index.js] warn: warn message
2022-04-03 00:11:15 [index.js] info: info message
2022-04-03 00:11:15 [index.js] verbose: verbose message
2022-04-03 00:11:15 [index.js] debug: debug message
2022-04-03 00:14:33 [index.js] error: error message
2022-04-03 00:14:33 [index.js] warn: warn message
2022-04-03 00:14:33 [index.js] info: info message
2022-04-03 00:14:33 [index.js] verbose: verbose message
2022-04-03 00:14:33 [index.js] debug: debug message
2022-04-03 00:15:00 [index.js] error: error message
2022-04-03 00:15:00 [index.js] warn: warn message
2022-04-03 00:15:00 [index.js] info: info message
2022-04-03 00:15:00 [index.js] verbose: verbose message
2022-04-03 00:15:00 [index.js] debug: debug message
2022-04-03 00:15:43 [index.js] error: error message
2022-04-03 00:15:43 [index.js] warn: warn message
2022-04-03 00:15:43 [index.js] info: info message
2022-04-03 00:15:43 [index.js] verbose: verbose message
2022-04-03 00:15:43 [index.js] debug: debug message
2022-04-03 00:21:07 [index.js] error: error message
2022-04-03 00:21:07 [index.js] warn: warn message
2022-04-03 00:21:07 [index.js] info: info message
2022-04-03 00:21:07 [index.js] verbose: verbose message
2022-04-03 00:21:07 [index.js] debug: debug message
2022-04-03 00:43:56 [index.js] error: error message
2022-04-03 00:43:56 [index.js] warn: warn message
2022-04-03 00:43:56 [index.js] info: info message
2022-04-03 00:43:56 [index.js] verbose: verbose message
2022-04-03 00:43:56 [index.js] debug: debug message
2022-04-03 00:44:17 [index.js] error: error message
2022-04-03 00:44:17 [index.js] warn: warn message
2022-04-03 00:44:17 [index.js] info: info message
2022-04-03 00:44:17 [index.js] verbose: verbose message
2022-04-03 00:44:17 [index.js] debug: debug message
2022-04-03 00:44:23 [index.js] error: error message
2022-04-03 00:44:23 [index.js] warn: warn message
2022-04-03 00:44:23 [index.js] info: info message
2022-04-03 00:44:23 [index.js] verbose: verbose message
2022-04-03 00:44:23 [index.js] debug: debug message
2022-04-03 00:45:06 [index.js] error: error message
2022-04-03 00:45:06 [index.js] warn: warn message
2022-04-03 00:45:06 [index.js] info: info message
2022-04-03 00:45:06 [index.js] verbose: verbose message
2022-04-03 00:45:06 [index.js] debug: debug message
2022-04-03 00:45:25 [index.js] error: error message
2022-04-03 00:45:25 [index.js] warn: warn message
2022-04-03 00:45:25 [index.js] info: info message
2022-04-03 00:45:25 [index.js] verbose: verbose message
2022-04-03 00:45:25 [index.js] debug: debug message
2022-04-03 00:46:02 [index.js] error: error message
2022-04-03 00:46:02 [index.js] warn: warn message
2022-04-03 00:46:02 [index.js] info: info message
2022-04-03 00:46:02 [index.js] verbose: verbose message
2022-04-03 00:46:02 [index.js] debug: debug message
2022-04-03 00:47:49 [index.js] error: error message
2022-04-03 00:47:49 [index.js] warn: warn message
2022-04-03 00:47:49 [index.js] info: info message
2022-04-03 00:47:49 [index.js] verbose: verbose message
2022-04-03 00:47:49 [index.js] debug: debug message
2022-04-03 00:48:26 [index.js] error: error message
2022-04-03 00:48:26 [index.js] warn: warn message
2022-04-03 00:48:26 [index.js] info: info message
2022-04-03 00:48:26 [index.js] verbose: verbose message
2022-04-03 00:48:26 [index.js] debug: debug message
2022-04-03 00:48:51 [index.js] error: error message
2022-04-03 00:48:51 [index.js] warn: warn message
2022-04-03 00:48:51 [index.js] info: info message
2022-04-03 00:48:51 [index.js] verbose: verbose message
2022-04-03 00:48:51 [index.js] debug: debug message
2022-04-03 00:48:57 [index.js] error: error message
2022-04-03 00:48:57 [index.js] warn: warn message
2022-04-03 00:48:57 [index.js] info: info message
2022-04-03 00:48:57 [index.js] verbose: verbose message
2022-04-03 00:48:57 [index.js] debug: debug message
2022-04-03 00:49:48 [index.js] error: error message
2022-04-03 00:49:48 [index.js] warn: warn message
2022-04-03 00:49:48 [index.js] info: info message
2022-04-03 00:49:48 [index.js] verbose: verbose message
2022-04-03 00:49:48 [index.js] debug: debug message
2022-04-03 00:50:16 [index.js] error: error message
2022-04-03 00:50:16 [index.js] warn: warn message
2022-04-03 00:50:16 [index.js] info: info message
2022-04-03 00:50:16 [index.js] verbose: verbose message
2022-04-03 00:50:16 [index.js] debug: debug message
2022-04-03 00:50:32 [index.js] error: error message
2022-04-03 00:50:32 [index.js] warn: warn message
2022-04-03 00:50:32 [index.js] info: info message
2022-04-03 00:50:32 [index.js] verbose: verbose message
2022-04-03 00:50:32 [index.js] debug: debug message
2022-04-03 00:52:47 [index.js] error: error message
2022-04-03 00:52:47 [index.js] warn: warn message
2022-04-03 00:52:47 [index.js] info: info message
2022-04-03 00:52:47 [index.js] verbose: verbose message
2022-04-03 00:52:47 [index.js] debug: debug message
2022-04-03 00:58:07 [index.js] error: error message
2022-04-03 00:58:07 [index.js] warn: warn message
2022-04-03 00:58:07 [index.js] info: info message
2022-04-03 00:58:07 [index.js] verbose: verbose message
2022-04-03 00:58:07 [index.js] debug: debug message
2022-04-03 00:59:50 [index.js] error: error message
2022-04-03 00:59:50 [index.js] warn: warn message
2022-04-03 00:59:50 [index.js] info: info message
2022-04-03 00:59:50 [index.js] verbose: verbose message
2022-04-03 00:59:50 [index.js] debug: debug message
2022-04-03 01:00:35 [index.js] error: error message
2022-04-03 01:00:35 [index.js] warn: warn message
2022-04-03 01:00:35 [index.js] info: info message
2022-04-03 01:00:35 [index.js] verbose: verbose message
2022-04-03 01:00:35 [index.js] debug: debug message
2022-04-03 01:04:50 [index.js] error: error message
2022-04-03 01:04:50 [index.js] warn: warn message
2022-04-03 01:04:50 [index.js] info: info message
2022-04-03 01:04:50 [index.js] verbose: verbose message
2022-04-03 01:04:50 [index.js] debug: debug message
2022-04-03 01:05:04 [index.js] error: error message
2022-04-03 01:05:04 [index.js] warn: warn message
2022-04-03 01:05:04 [index.js] info: info message
2022-04-03 01:05:04 [index.js] verbose: verbose message
2022-04-03 01:05:04 [index.js] debug: debug message
2022-04-03 01:05:46 [index.js] error: error message
2022-04-03 01:05:46 [index.js] warn: warn message
2022-04-03 01:05:46 [index.js] info: info message
2022-04-03 01:05:46 [index.js] verbose: verbose message
2022-04-03 01:05:46 [index.js] debug: debug message
2022-04-03 01:06:49 [index.js] error: error message
2022-04-03 01:06:49 [index.js] warn: warn message
2022-04-03 01:06:49 [index.js] info: info message
2022-04-03 01:06:49 [index.js] verbose: verbose message
2022-04-03 01:06:49 [index.js] debug: debug message
2022-04-03 01:07:05 [index.js] error: error message
2022-04-03 01:07:05 [index.js] warn: warn message
2022-04-03 01:07:05 [index.js] info: info message
2022-04-03 01:07:05 [index.js] verbose: verbose message
2022-04-03 01:07:05 [index.js] debug: debug message
2022-04-03 01:07:35 [index.js] error: error message
2022-04-03 01:07:35 [index.js] warn: warn message
2022-04-03 01:07:35 [index.js] info: info message
2022-04-03 01:07:35 [index.js] verbose: verbose message
2022-04-03 01:07:35 [index.js] debug: debug message
2022-04-03 01:07:45 [index.js] error: error message
2022-04-03 01:07:45 [index.js] warn: warn message
2022-04-03 01:07:45 [index.js] info: info message
2022-04-03 01:07:45 [index.js] verbose: verbose message
2022-04-03 01:07:45 [index.js] debug: debug message
2022-04-03 01:08:04 [index.js] error: error message
2022-04-03 01:08:04 [index.js] warn: warn message
2022-04-03 01:08:04 [index.js] info: info message
2022-04-03 01:08:04 [index.js] verbose: verbose message
2022-04-03 01:08:04 [index.js] debug: debug message
2022-04-03 01:08:26 [index.js] error: error message
2022-04-03 01:08:26 [index.js] warn: warn message
2022-04-03 01:08:26 [index.js] info: info message
2022-04-03 01:08:26 [index.js] verbose: verbose message
2022-04-03 01:08:26 [index.js] debug: debug message
2022-04-03 01:11:20 [index.js] error: error message
2022-04-03 01:11:20 [index.js] warn: warn message
2022-04-03 01:11:20 [index.js] info: info message
2022-04-03 01:11:20 [index.js] verbose: verbose message
2022-04-03 01:11:20 [index.js] debug: debug message
2022-04-03 01:24:45 [index.js] error: error message
2022-04-03 01:24:45 [index.js] warn: warn message
2022-04-03 01:24:45 [index.js] info: info message
2022-04-03 01:24:45 [index.js] verbose: verbose message
2022-04-03 01:24:45 [index.js] debug: debug message
2022-04-03 01:33:24 [index.js] error: error message
2022-04-03 01:33:24 [index.js] warn: warn message
2022-04-03 01:33:24 [index.js] info: info message
2022-04-03 01:33:24 [index.js] verbose: verbose message
2022-04-03 01:33:24 [index.js] debug: debug message
2022-04-03 01:34:51 [index.js] error: error message
2022-04-03 01:34:51 [index.js] warn: warn message
2022-04-03 01:34:51 [index.js] info: info message
2022-04-03 01:34:51 [index.js] verbose: verbose message
2022-04-03 01:34:51 [index.js] debug: debug message
2022-04-03 01:34:53 [index.js] error: error message
2022-04-03 01:34:53 [index.js] warn: warn message
2022-04-03 01:34:53 [index.js] info: info message
2022-04-03 01:34:53 [index.js] verbose: verbose message
2022-04-03 01:34:53 [index.js] debug: debug message
2022-04-03 01:35:30 [index.js] error: error message
2022-04-03 01:35:30 [index.js] warn: warn message
2022-04-03 01:35:30 [index.js] info: info message
2022-04-03 01:35:30 [index.js] verbose: verbose message
2022-04-03 01:35:30 [index.js] debug: debug message
2022-04-03 01:35:43 [index.js] error: error message
2022-04-03 01:35:43 [index.js] warn: warn message
2022-04-03 01:35:43 [index.js] info: info message
2022-04-03 01:35:43 [index.js] verbose: verbose message
2022-04-03 01:35:43 [index.js] debug: debug message
2022-04-03 01:35:50 [index.js] error: error message
2022-04-03 01:35:50 [index.js] warn: warn message
2022-04-03 01:35:50 [index.js] info: info message
2022-04-03 01:35:50 [index.js] verbose: verbose message
2022-04-03 01:35:50 [index.js] debug: debug message
2022-04-03 01:36:15 [index.js] error: error message
2022-04-03 01:36:15 [index.js] warn: warn message
2022-04-03 01:36:15 [index.js] info: info message
2022-04-03 01:36:15 [index.js] verbose: verbose message
2022-04-03 01:36:15 [index.js] debug: debug message
2022-04-03 01:36:25 [index.js] error: error message
2022-04-03 01:36:25 [index.js] warn: warn message
2022-04-03 01:36:25 [index.js] info: info message
2022-04-03 01:36:25 [index.js] verbose: verbose message
2022-04-03 01:36:25 [index.js] debug: debug message
2022-04-03 01:36:26 [index.js] error: error message
2022-04-03 01:36:26 [index.js] warn: warn message
2022-04-03 01:36:26 [index.js] info: info message
2022-04-03 01:36:26 [index.js] verbose: verbose message
2022-04-03 01:36:26 [index.js] debug: debug message
2022-04-03 01:37:01 [index.js] error: error message
2022-04-03 01:37:01 [index.js] warn: warn message
2022-04-03 01:37:01 [index.js] info: info message
2022-04-03 01:37:01 [index.js] verbose: verbose message
2022-04-03 01:37:01 [index.js] debug: debug message
2022-04-03 01:41:19 [index.js] error: error message
2022-04-03 01:41:19 [index.js] warn: warn message
2022-04-03 01:41:19 [index.js] info: info message
2022-04-03 01:41:19 [index.js] verbose: verbose message
2022-04-03 01:41:20 [index.js] debug: debug message
2022-04-03 01:41:39 [index.js] error: error message
2022-04-03 01:41:39 [index.js] warn: warn message
2022-04-03 01:41:39 [index.js] info: info message
2022-04-03 01:41:39 [index.js] verbose: verbose message
2022-04-03 01:41:39 [index.js] debug: debug message
2022-04-03 01:42:45 [index.js] error: error message
2022-04-03 01:42:45 [index.js] warn: warn message
2022-04-03 01:42:45 [index.js] info: info message
2022-04-03 01:42:45 [index.js] verbose: verbose message
2022-04-03 01:42:45 [index.js] debug: debug message
2022-04-03 01:43:18 [index.js] error: error message
2022-04-03 01:43:18 [index.js] warn: warn message
2022-04-03 01:43:18 [index.js] info: info message
2022-04-03 01:43:18 [index.js] verbose: verbose message
2022-04-03 01:43:18 [index.js] debug: debug message
2022-04-03 01:43:45 [index.js] error: error message
2022-04-03 01:43:45 [index.js] warn: warn message
2022-04-03 01:43:45 [index.js] info: info message
2022-04-03 01:43:45 [index.js] verbose: verbose message
2022-04-03 01:43:45 [index.js] debug: debug message
2022-04-03 01:43:55 [index.js] error: error message
2022-04-03 01:43:55 [index.js] warn: warn message
2022-04-03 01:43:55 [index.js] info: info message
2022-04-03 01:43:55 [index.js] verbose: verbose message
2022-04-03 01:43:55 [index.js] debug: debug message
2022-04-03 01:44:08 [index.js] error: error message
2022-04-03 01:44:08 [index.js] warn: warn message
2022-04-03 01:44:08 [index.js] info: info message
2022-04-03 01:44:08 [index.js] verbose: verbose message
2022-04-03 01:44:08 [index.js] debug: debug message
2022-04-03 01:44:21 [index.js] error: error message
2022-04-03 01:44:21 [index.js] warn: warn message
2022-04-03 01:44:21 [index.js] info: info message
2022-04-03 01:44:21 [index.js] verbose: verbose message
2022-04-03 01:44:21 [index.js] debug: debug message
2022-04-03 01:44:49 [index.js] error: error message
2022-04-03 01:44:49 [index.js] warn: warn message
2022-04-03 01:44:49 [index.js] info: info message
2022-04-03 01:44:49 [index.js] verbose: verbose message
2022-04-03 01:44:49 [index.js] debug: debug message
2022-04-03 01:44:59 [index.js] error: error message
2022-04-03 01:44:59 [index.js] warn: warn message
2022-04-03 01:44:59 [index.js] info: info message
2022-04-03 01:44:59 [index.js] verbose: verbose message
2022-04-03 01:44:59 [index.js] debug: debug message
2022-04-03 01:45:05 [index.js] error: error message
2022-04-03 01:45:05 [index.js] warn: warn message
2022-04-03 01:45:05 [index.js] info: info message
2022-04-03 01:45:05 [index.js] verbose: verbose message
2022-04-03 01:45:05 [index.js] debug: debug message
2022-04-03 01:45:53 [index.js] error: error message
2022-04-03 01:45:54 [index.js] warn: warn message
2022-04-03 01:45:54 [index.js] info: info message
2022-04-03 01:45:54 [index.js] verbose: verbose message
2022-04-03 01:45:54 [index.js] debug: debug message
2022-04-03 01:46:11 [index.js] error: error message
2022-04-03 01:46:11 [index.js] warn: warn message
2022-04-03 01:46:11 [index.js] info: info message
2022-04-03 01:46:11 [index.js] verbose: verbose message
2022-04-03 01:46:11 [index.js] debug: debug message
2022-04-03 01:46:47 [index.js] error: error message
2022-04-03 01:46:47 [index.js] warn: warn message
2022-04-03 01:46:47 [index.js] info: info message
2022-04-03 01:46:47 [index.js] verbose: verbose message
2022-04-03 01:46:47 [index.js] debug: debug message
2022-04-03 01:47:19 [index.js] error: error message
2022-04-03 01:47:19 [index.js] warn: warn message
2022-04-03 01:47:19 [index.js] info: info message
2022-04-03 01:47:19 [index.js] verbose: verbose message
2022-04-03 01:47:19 [index.js] debug: debug message
2022-04-03 01:48:03 [index.js] error: error message
2022-04-03 01:48:03 [index.js] warn: warn message
2022-04-03 01:48:03 [index.js] info: info message
2022-04-03 01:48:03 [index.js] verbose: verbose message
2022-04-03 01:48:03 [index.js] debug: debug message
2022-04-03 02:22:42 [index.js] error: error message
2022-04-03 02:22:42 [index.js] warn: warn message
2022-04-03 02:22:42 [index.js] info: info message
2022-04-03 02:22:42 [index.js] verbose: verbose message
2022-04-03 02:22:42 [index.js] debug: debug message
2022-04-03 02:23:22 [index.js] error: error message
2022-04-03 02:23:22 [index.js] warn: warn message
2022-04-03 02:23:22 [index.js] info: info message
2022-04-03 02:23:22 [index.js] verbose: verbose message
2022-04-03 02:23:22 [index.js] debug: debug message
2022-04-03 02:23:37 [index.js] error: error message
2022-04-03 02:23:37 [index.js] warn: warn message
2022-04-03 02:23:37 [index.js] info: info message
2022-04-03 02:23:37 [index.js] verbose: verbose message
2022-04-03 02:23:37 [index.js] debug: debug message
2022-04-03 02:24:11 [index.js] error: error message
2022-04-03 02:24:11 [index.js] warn: warn message
2022-04-03 02:24:11 [index.js] info: info message
2022-04-03 02:24:11 [index.js] verbose: verbose message
2022-04-03 02:24:11 [index.js] debug: debug message
2022-04-03 02:24:21 [index.js] error: error message
2022-04-03 02:24:21 [index.js] warn: warn message
2022-04-03 02:24:21 [index.js] info: info message
2022-04-03 02:24:21 [index.js] verbose: verbose message
2022-04-03 02:24:21 [index.js] debug: debug message
2022-04-03 02:25:34 [index.js] error: error message
2022-04-03 02:25:34 [index.js] warn: warn message
2022-04-03 02:25:34 [index.js] info: info message
2022-04-03 02:25:34 [index.js] verbose: verbose message
2022-04-03 02:25:34 [index.js] debug: debug message
2022-04-03 02:26:03 [index.js] error: error message
2022-04-03 02:26:03 [index.js] warn: warn message
2022-04-03 02:26:03 [index.js] info: info message
2022-04-03 02:26:03 [index.js] verbose: verbose message
2022-04-03 02:26:03 [index.js] debug: debug message
2022-04-03 02:26:26 [index.js] error: error message
2022-04-03 02:26:26 [index.js] warn: warn message
2022-04-03 02:26:26 [index.js] info: info message
2022-04-03 02:26:26 [index.js] verbose: verbose message
2022-04-03 02:26:26 [index.js] debug: debug message
2022-04-03 02:26:55 [index.js] error: error message
2022-04-03 02:26:55 [index.js] warn: warn message
2022-04-03 02:26:55 [index.js] info: info message
2022-04-03 02:26:55 [index.js] verbose: verbose message
2022-04-03 02:26:55 [index.js] debug: debug message
2022-04-03 02:28:09 [index.js] error: error message
2022-04-03 02:28:09 [index.js] warn: warn message
2022-04-03 02:28:09 [index.js] info: info message
2022-04-03 02:28:09 [index.js] verbose: verbose message
2022-04-03 02:28:09 [index.js] debug: debug message
2022-04-03 02:28:36 [index.js] error: error message
2022-04-03 02:28:36 [index.js] warn: warn message
2022-04-03 02:28:36 [index.js] info: info message
2022-04-03 02:28:36 [index.js] verbose: verbose message
2022-04-03 02:28:36 [index.js] debug: debug message
2022-04-03 02:29:03 [index.js] error: error message
2022-04-03 02:29:03 [index.js] warn: warn message
2022-04-03 02:29:03 [index.js] info: info message
2022-04-03 02:29:03 [index.js] verbose: verbose message
2022-04-03 02:29:03 [index.js] debug: debug message
2022-04-03 02:29:34 [index.js] error: error message
2022-04-03 02:29:34 [index.js] warn: warn message
2022-04-03 02:29:34 [index.js] info: info message
2022-04-03 02:29:34 [index.js] verbose: verbose message
2022-04-03 02:29:34 [index.js] debug: debug message
2022-04-03 02:29:51 [index.js] error: error message
2022-04-03 02:29:51 [index.js] warn: warn message
2022-04-03 02:29:51 [index.js] info: info message
2022-04-03 02:29:51 [index.js] verbose: verbose message
2022-04-03 02:29:51 [index.js] debug: debug message
2022-04-03 02:30:58 [index.js] error: error message
2022-04-03 02:30:58 [index.js] warn: warn message
2022-04-03 02:30:58 [index.js] info: info message
2022-04-03 02:30:58 [index.js] verbose: verbose message
2022-04-03 02:30:58 [index.js] debug: debug message
2022-04-03 02:32:19 [index.js] error: error message
2022-04-03 02:32:19 [index.js] warn: warn message
2022-04-03 02:32:19 [index.js] info: info message
2022-04-03 02:32:19 [index.js] verbose: verbose message
2022-04-03 02:32:19 [index.js] debug: debug message
2022-04-03 10:51:53 [index.js] error: error message
2022-04-03 10:51:53 [index.js] warn: warn message
2022-04-03 10:51:53 [index.js] info: info message
2022-04-03 10:51:53 [index.js] verbose: verbose message
2022-04-03 10:51:53 [index.js] debug: debug message
2022-04-03 10:56:07 [index.js] error: error message
2022-04-03 10:56:07 [index.js] warn: warn message
2022-04-03 10:56:07 [index.js] info: info message
2022-04-03 10:56:07 [index.js] verbose: verbose message
2022-04-03 10:56:07 [index.js] debug: debug message
2022-04-03 10:56:11 [index.js] error: error message
2022-04-03 10:56:11 [index.js] warn: warn message
2022-04-03 10:56:11 [index.js] info: info message
2022-04-03 10:56:11 [index.js] verbose: verbose message
2022-04-03 10:56:11 [index.js] debug: debug message
2022-04-03 11:01:00 [index.js] error: error message
2022-04-03 11:01:00 [index.js] warn: warn message
2022-04-03 11:01:00 [index.js] info: info message
2022-04-03 11:01:00 [index.js] verbose: verbose message
2022-04-03 11:01:00 [index.js] debug: debug message
2022-04-03 11:04:57 [index.js] error: error message
2022-04-03 11:04:57 [index.js] warn: warn message
2022-04-03 11:04:57 [index.js] info: info message
2022-04-03 11:04:57 [index.js] verbose: verbose message
2022-04-03 11:04:57 [index.js] debug: debug message
2022-04-03 11:04:57 [index.js] error: error message
2022-04-03 11:04:57 [index.js] warn: warn message
2022-04-03 11:04:57 [index.js] info: info message
2022-04-03 11:04:57 [index.js] verbose: verbose message
2022-04-03 11:04:57 [index.js] debug: debug message
2022-04-03 11:04:59 [index.js] error: error message
2022-04-03 11:04:59 [index.js] warn: warn message
2022-04-03 11:04:59 [index.js] info: info message
2022-04-03 11:04:59 [index.js] verbose: verbose message
2022-04-03 11:04:59 [index.js] debug: debug message
2022-04-03 11:06:29 [index.js] error: error message
2022-04-03 11:06:29 [index.js] warn: warn message
2022-04-03 11:06:29 [index.js] info: info message
2022-04-03 11:06:29 [index.js] verbose: verbose message
2022-04-03 11:06:29 [index.js] debug: debug message
2022-04-03 11:07:22 [index.js] error: error message
2022-04-03 11:07:22 [index.js] warn: warn message
2022-04-03 11:07:22 [index.js] info: info message
2022-04-03 11:07:22 [index.js] verbose: verbose message
2022-04-03 11:07:22 [index.js] debug: debug message
2022-04-03 11:08:02 [index.js] error: error message
2022-04-03 11:08:02 [index.js] warn: warn message
2022-04-03 11:08:02 [index.js] info: info message
2022-04-03 11:08:02 [index.js] verbose: verbose message
2022-04-03 11:08:02 [index.js] debug: debug message
2022-04-03 11:27:55 [index.js] error: error message
2022-04-03 11:27:55 [index.js] warn: warn message
2022-04-03 11:27:55 [index.js] info: info message
2022-04-03 11:27:55 [index.js] verbose: verbose message
2022-04-03 11:27:55 [index.js] debug: debug message
2022-04-03 11:28:07 [index.js] error: error message
2022-04-03 11:28:07 [index.js] warn: warn message
2022-04-03 11:28:07 [index.js] info: info message
2022-04-03 11:28:07 [index.js] verbose: verbose message
2022-04-03 11:28:07 [index.js] debug: debug message
2022-04-03 11:33:05 [index.js] error: error message
2022-04-03 11:33:05 [index.js] warn: warn message
2022-04-03 11:33:05 [index.js] info: info message
2022-04-03 11:33:05 [index.js] verbose: verbose message
2022-04-03 11:33:05 [index.js] debug: debug message
2022-04-03 11:36:16 [index.js] error: error message
2022-04-03 11:36:16 [index.js] warn: warn message
2022-04-03 11:36:16 [index.js] info: info message
2022-04-03 11:36:16 [index.js] verbose: verbose message
2022-04-03 11:36:16 [index.js] debug: debug message
2022-04-03 11:37:35 [index.js] error: error message
2022-04-03 11:37:35 [index.js] warn: warn message
2022-04-03 11:37:35 [index.js] info: info message
2022-04-03 11:37:35 [index.js] verbose: verbose message
2022-04-03 11:37:35 [index.js] debug: debug message
2022-04-03 11:38:11 [index.js] error: error message
2022-04-03 11:38:11 [index.js] warn: warn message
2022-04-03 11:38:11 [index.js] info: info message
2022-04-03 11:38:11 [index.js] verbose: verbose message
2022-04-03 11:38:11 [index.js] debug: debug message
2022-04-03 11:38:12 [index.js] error: error message
2022-04-03 11:38:12 [index.js] warn: warn message
2022-04-03 11:38:12 [index.js] info: info message
2022-04-03 11:38:12 [index.js] verbose: verbose message
2022-04-03 11:38:12 [index.js] debug: debug message
2022-04-03 11:38:34 [index.js] error: error message
2022-04-03 11:38:34 [index.js] warn: warn message
2022-04-03 11:38:34 [index.js] info: info message
2022-04-03 11:38:34 [index.js] verbose: verbose message
2022-04-03 11:38:34 [index.js] debug: debug message
2022-04-03 11:38:46 [index.js] error: error message
2022-04-03 11:38:46 [index.js] warn: warn message
2022-04-03 11:38:46 [index.js] info: info message
2022-04-03 11:38:46 [index.js] verbose: verbose message
2022-04-03 11:38:46 [index.js] debug: debug message
2022-04-03 11:39:08 [index.js] error: error message
2022-04-03 11:39:08 [index.js] warn: warn message
2022-04-03 11:39:08 [index.js] info: info message
2022-04-03 11:39:08 [index.js] verbose: verbose message
2022-04-03 11:39:08 [index.js] debug: debug message
2022-04-03 11:39:17 [index.js] error: error message
2022-04-03 11:39:17 [index.js] warn: warn message
2022-04-03 11:39:17 [index.js] info: info message
2022-04-03 11:39:17 [index.js] verbose: verbose message
2022-04-03 11:39:17 [index.js] debug: debug message
2022-04-03 11:39:35 [index.js] error: error message
2022-04-03 11:39:35 [index.js] warn: warn message
2022-04-03 11:39:35 [index.js] info: info message
2022-04-03 11:39:35 [index.js] verbose: verbose message
2022-04-03 11:39:35 [index.js] debug: debug message
2022-04-03 11:39:58 [index.js] error: error message
2022-04-03 11:39:58 [index.js] warn: warn message
2022-04-03 11:39:58 [index.js] info: info message
2022-04-03 11:39:58 [index.js] verbose: verbose message
2022-04-03 11:39:58 [index.js] debug: debug message
2022-04-03 11:49:33 [index.js] error: error message
2022-04-03 11:49:33 [index.js] warn: warn message
2022-04-03 11:49:33 [index.js] info: info message
2022-04-03 11:49:33 [index.js] verbose: verbose message
2022-04-03 11:49:33 [index.js] debug: debug message
2022-04-03 11:49:34 [index.js] error: error message
2022-04-03 11:49:34 [index.js] warn: warn message
2022-04-03 11:49:34 [index.js] info: info message
2022-04-03 11:49:34 [index.js] verbose: verbose message
2022-04-03 11:49:34 [index.js] debug: debug message
2022-04-03 11:49:36 [index.js] error: error message
2022-04-03 11:49:36 [index.js] warn: warn message
2022-04-03 11:49:36 [index.js] info: info message
2022-04-03 11:49:36 [index.js] verbose: verbose message
2022-04-03 11:49:36 [index.js] debug: debug message
2022-04-03 11:55:25 [index.js] error: error message
2022-04-03 11:55:25 [index.js] warn: warn message
2022-04-03 11:55:25 [index.js] info: info message
2022-04-03 11:55:25 [index.js] verbose: verbose message
2022-04-03 11:55:25 [index.js] debug: debug message
